c:\optitrack\natnet_sdk_2.7_modifiedtoenablemultiplerigidbodies - copy\samples\unity3d\debug\vc120.pdb
c:\optitrack\natnet_sdk_2.7_modifiedtoenablemultiplerigidbodies - copy\samples\unity3d\debug\tinyxmlparser.obj
c:\optitrack\natnet_sdk_2.7_modifiedtoenablemultiplerigidbodies - copy\samples\unity3d\debug\tinyxmlerror.obj
c:\optitrack\natnet_sdk_2.7_modifiedtoenablemultiplerigidbodies - copy\samples\unity3d\debug\tinyxml.obj
c:\optitrack\natnet_sdk_2.7_modifiedtoenablemultiplerigidbodies - copy\samples\unity3d\debug\tinystr.obj
c:\optitrack\natnet_sdk_2.7_modifiedtoenablemultiplerigidbodies - copy\samples\unity3d\debug\unitysample.obj
c:\optitrack\natnet_sdk_2.7_modifiedtoenablemultiplerigidbodies - copy\samples\bin\unitysample.ilk
c:\optitrack\natnet_sdk_2.7_modifiedtoenablemultiplerigidbodies - copy\samples\bin\unitysample.exe
c:\optitrack\natnet_sdk_2.7_modifiedtoenablemultiplerigidbodies - copy\samples\bin\unitysample.pdb
c:\optitrack\motivetounity_v1\natnet_sdk_2.7_unitysamplemodifiedtoenablemultiplerigidbodies\samples\unity3d\debug\unitysample.vcxprojresolveassemblyreference.cache
c:\optitrack\motivetounity_v1\natnet_sdk_2.7_unitysamplemodifiedtoenablemultiplerigidbodies\samples\unity3d\debug\tinystr.obj
c:\optitrack\motivetounity_v1\natnet_sdk_2.7_unitysamplemodifiedtoenablemultiplerigidbodies\samples\unity3d\debug\tinyxml.obj
c:\optitrack\motivetounity_v1\natnet_sdk_2.7_unitysamplemodifiedtoenablemultiplerigidbodies\samples\unity3d\debug\tinyxmlerror.obj
c:\optitrack\motivetounity_v1\natnet_sdk_2.7_unitysamplemodifiedtoenablemultiplerigidbodies\samples\unity3d\debug\tinyxmlparser.obj
c:\optitrack\motivetounity_v1\natnet_sdk_2.7_unitysamplemodifiedtoenablemultiplerigidbodies\samples\unity3d\debug\unitysample.obj
c:\optitrack\motivetounity_v1\natnet_sdk_2.7_unitysamplemodifiedtoenablemultiplerigidbodies\samples\unity3d\debug\vc120.pdb
c:\optitrack\motivetounity_v1\natnet_sdk_2.7_unitysamplemodifiedtoenablemultiplerigidbodies\samples\\bin\unitysample.pdb
c:\optitrack\motivetounity_v1\natnet_sdk_2.7_unitysamplemodifiedtoenablemultiplerigidbodies\samples\\bin\unitysample.exe
c:\optitrack\motivetounity_v1\natnet_sdk_2.7_unitysamplemodifiedtoenablemultiplerigidbodies\samples\\bin\unitysample.ilk
c:\optitrack\motivetounity_v1\natnet_sdk_2.7_unitysamplemodifiedtoenablemultiplerigidbodies\samples\unity3d\debug\unitysample.tlog\cl.command.1.tlog
c:\optitrack\motivetounity_v1\natnet_sdk_2.7_unitysamplemodifiedtoenablemultiplerigidbodies\samples\unity3d\debug\unitysample.tlog\cl.read.1.tlog
c:\optitrack\motivetounity_v1\natnet_sdk_2.7_unitysamplemodifiedtoenablemultiplerigidbodies\samples\unity3d\debug\unitysample.tlog\cl.write.1.tlog
c:\optitrack\motivetounity_v1\natnet_sdk_2.7_unitysamplemodifiedtoenablemultiplerigidbodies\samples\unity3d\debug\unitysample.tlog\link.command.1.tlog
c:\optitrack\motivetounity_v1\natnet_sdk_2.7_unitysamplemodifiedtoenablemultiplerigidbodies\samples\unity3d\debug\unitysample.tlog\link.read.1.tlog
c:\optitrack\motivetounity_v1\natnet_sdk_2.7_unitysamplemodifiedtoenablemultiplerigidbodies\samples\unity3d\debug\unitysample.tlog\link.write.1.tlog
