C:\USERS\STUDENT\DOCUMENTS\MOTIVETOUNITY_V2.21\NATNET_SDK_2.7_UNITYSAMPLEMODIFIEDTOENABLEMULTIPLERIGIDBODIES\SAMPLES\UNITY3D\RELEASE\TINYXMLPARSER.OBJ
C:\USERS\STUDENT\DOCUMENTS\MOTIVETOUNITY_V2.21\NATNET_SDK_2.7_UNITYSAMPLEMODIFIEDTOENABLEMULTIPLERIGIDBODIES\SAMPLES\UNITY3D\RELEASE\TINYXMLERROR.OBJ
C:\USERS\STUDENT\DOCUMENTS\MOTIVETOUNITY_V2.21\NATNET_SDK_2.7_UNITYSAMPLEMODIFIEDTOENABLEMULTIPLERIGIDBODIES\SAMPLES\UNITY3D\RELEASE\TINYXML.OBJ
C:\USERS\STUDENT\DOCUMENTS\MOTIVETOUNITY_V2.21\NATNET_SDK_2.7_UNITYSAMPLEMODIFIEDTOENABLEMULTIPLERIGIDBODIES\SAMPLES\UNITY3D\RELEASE\TINYSTR.OBJ
C:\USERS\STUDENT\DOCUMENTS\MOTIVETOUNITY_V2.21\NATNET_SDK_2.7_UNITYSAMPLEMODIFIEDTOENABLEMULTIPLERIGIDBODIES\SAMPLES\UNITY3D\RELEASE\VC110.PDB
C:\USERS\STUDENT\DOCUMENTS\MOTIVETOUNITY_V2.21\NATNET_SDK_2.7_UNITYSAMPLEMODIFIEDTOENABLEMULTIPLERIGIDBODIES\SAMPLES\UNITY3D\RELEASE\UNITYSAMPLE.OBJ
C:\USERS\STUDENT\DOCUMENTS\MOTIVETOUNITY_V2.21\NATNET_SDK_2.7_UNITYSAMPLEMODIFIEDTOENABLEMULTIPLERIGIDBODIES\SAMPLES\BIN\UNITYSAMPLE.EXE
C:\Users\student\Documents\MotiveToUnity_v2.21\NatNet_SDK_2.7_UnitySampleModifiedToEnableMultipleRigidbodies\Samples\Unity3D\Release\UnitySample.vcxprojResolveAssemblyReference.cache
C:\Users\student\Documents\MotiveToUnity_v2.21\NatNet_SDK_2.7_UnitySampleModifiedToEnableMultipleRigidbodies\Samples\Unity3D\Release\tinystr.obj
C:\Users\student\Documents\MotiveToUnity_v2.21\NatNet_SDK_2.7_UnitySampleModifiedToEnableMultipleRigidbodies\Samples\Unity3D\Release\tinyxml.obj
C:\Users\student\Documents\MotiveToUnity_v2.21\NatNet_SDK_2.7_UnitySampleModifiedToEnableMultipleRigidbodies\Samples\Unity3D\Release\tinyxmlerror.obj
C:\Users\student\Documents\MotiveToUnity_v2.21\NatNet_SDK_2.7_UnitySampleModifiedToEnableMultipleRigidbodies\Samples\Unity3D\Release\tinyxmlparser.obj
C:\Users\student\Documents\MotiveToUnity_v2.21\NatNet_SDK_2.7_UnitySampleModifiedToEnableMultipleRigidbodies\Samples\Unity3D\Release\UnitySample.obj
C:\Users\student\Documents\MotiveToUnity_v2.21\NatNet_SDK_2.7_UnitySampleModifiedToEnableMultipleRigidbodies\Samples\Unity3D\Release\cl.command.1.tlog
C:\Users\student\Documents\MotiveToUnity_v2.21\NatNet_SDK_2.7_UnitySampleModifiedToEnableMultipleRigidbodies\Samples\Unity3D\Release\CL.read.1.tlog
C:\Users\student\Documents\MotiveToUnity_v2.21\NatNet_SDK_2.7_UnitySampleModifiedToEnableMultipleRigidbodies\Samples\Unity3D\Release\CL.write.1.tlog
C:\Users\student\Documents\MotiveToUnity_v2.21\NatNet_SDK_2.7_UnitySampleModifiedToEnableMultipleRigidbodies\Samples\Unity3D\Release\link-cvtres.read.1.tlog
C:\Users\student\Documents\MotiveToUnity_v2.21\NatNet_SDK_2.7_UnitySampleModifiedToEnableMultipleRigidbodies\Samples\Unity3D\Release\link-cvtres.write.1.tlog
C:\Users\student\Documents\MotiveToUnity_v2.21\NatNet_SDK_2.7_UnitySampleModifiedToEnableMultipleRigidbodies\Samples\Unity3D\Release\link-rc.read.1.tlog
C:\Users\student\Documents\MotiveToUnity_v2.21\NatNet_SDK_2.7_UnitySampleModifiedToEnableMultipleRigidbodies\Samples\Unity3D\Release\link-rc.write.1.tlog
C:\Users\student\Documents\MotiveToUnity_v2.21\NatNet_SDK_2.7_UnitySampleModifiedToEnableMultipleRigidbodies\Samples\Unity3D\Release\link.command.1.tlog
C:\Users\student\Documents\MotiveToUnity_v2.21\NatNet_SDK_2.7_UnitySampleModifiedToEnableMultipleRigidbodies\Samples\Unity3D\Release\link.read.1.tlog
C:\Users\student\Documents\MotiveToUnity_v2.21\NatNet_SDK_2.7_UnitySampleModifiedToEnableMultipleRigidbodies\Samples\Unity3D\Release\link.write.1.tlog
C:\Users\student\Documents\MotiveToUnity_v2.21\NatNet_SDK_2.7_UnitySampleModifiedToEnableMultipleRigidbodies\Samples\Unity3D\Release\vc110.pdb
C:\Users\student\Documents\MotiveToUnity_v2.21\NatNet_SDK_2.7_UnitySampleModifiedToEnableMultipleRigidbodies\Samples\\bin\UnitySample.exe
